[debug] [2019-10-21T19:49:38.522Z] ----------------------------------------------------------------------
[debug] [2019-10-21T19:49:38.525Z] Command:       D:\dev\nodejs\node.exe c:\Users\weazy\AppData\Roaming\npm\node_modules\firebase-tools\lib\bin\firebase.js deploy
[debug] [2019-10-21T19:49:38.526Z] CLI Version:   7.3.2
[debug] [2019-10-21T19:49:38.526Z] Platform:      win32
[debug] [2019-10-21T19:49:38.526Z] Node Version:  v10.16.0
[debug] [2019-10-21T19:49:38.528Z] Time:          Mon Oct 21 2019 22:49:38 GMT+0300 (Moscow Standard Time)
[debug] [2019-10-21T19:49:38.528Z] ----------------------------------------------------------------------
[debug] 
[debug] [2019-10-21T19:49:38.539Z] > command requires scopes: ["email","openid","https://www.googleapis.com/auth/cloudplatformprojects.readonly","https://www.googleapis.com/auth/firebase","https://www.googleapis.com/auth/cloud-platform"]
[debug] [2019-10-21T19:49:38.540Z] > authorizing via signed-in user
[debug] [2019-10-21T19:49:38.540Z] [iam] checking project cybervyatka for permissions ["cloudfunctions.functions.create","cloudfunctions.functions.delete","cloudfunctions.functions.get","cloudfunctions.functions.list","cloudfunctions.functions.update","cloudfunctions.operations.get","datastore.indexes.create","datastore.indexes.delete","datastore.indexes.list","datastore.indexes.update","firebase.projects.get","firebasehosting.sites.update"]
[debug] [2019-10-21T19:49:38.542Z] >>> HTTP REQUEST POST https://cloudresourcemanager.googleapis.com/v1/projects/cybervyatka:testIamPermissions  

[debug] [2019-10-21T19:49:39.752Z] <<< HTTP RESPONSE 200
[debug] [2019-10-21T19:49:39.756Z] >>> HTTP REQUEST GET https://firebase.googleapis.com/v1beta1/projects/cybervyatka  
 
[debug] [2019-10-21T19:49:40.110Z] <<< HTTP RESPONSE 200
[info] 
[info] === Deploying to 'cybervyatka'...
[info] 
[info] i  deploying firestore, functions, hosting
[info] Running command: npm --prefix "$RESOURCE_DIR" run lint
[info] +  functions: Finished running predeploy script.
[info] i  firestore: checking firestore.rules for compilation errors...
[info] i  firestore: reading indexes from firestore.indexes.json...
[debug] [2019-10-21T19:49:54.177Z] >>> HTTP REQUEST POST https://firebaserules.googleapis.com/v1/projects/cybervyatka:test  

[debug] [2019-10-21T19:49:55.337Z] <<< HTTP RESPONSE 200
[info] +  firestore: rules file firestore.rules compiled successfully
[debug] [2019-10-21T19:49:55.340Z] > [functions] package.json contents: {
  "name": "functions",
  "description": "Cloud Functions for Firebase",
  "scripts": {
    "lint": "eslint .",
    "serve": "firebase serve --only functions",
    "shell": "firebase functions:shell",
    "start": "npm run shell",
    "deploy": "firebase deploy --only functions",
    "logs": "firebase functions:log"
  },
  "engines": {
    "node": "8"
  },
  "dependencies": {
    "@chenfengyuan/vue-qrcode": "^1.0.1",
    "cors": "^2.8.5",
    "firebase-admin": "^8.0.0",
    "firebase-functions": "^3.1.0",
    "nodemailer": "^6.3.1",
    "qrcode": "^1.4.2"
  },
  "devDependencies": {
    "eslint": "^5.12.0",
    "eslint-plugin-promise": "^4.0.1",
    "firebase-functions-test": "^0.1.6"
  },
  "private": true
}
[info] i  functions: ensuring necessary APIs are enabled...
[debug] [2019-10-21T19:49:55.342Z] >>> HTTP REQUEST GET https://serviceusage.googleapis.com/v1/projects/cybervyatka/services/cloudfunctions.googleapis.com  
 
[debug] [2019-10-21T19:49:55.343Z] >>> HTTP REQUEST GET https://serviceusage.googleapis.com/v1/projects/cybervyatka/services/runtimeconfig.googleapis.com  
 
[debug] [2019-10-21T19:49:56.573Z] <<< HTTP RESPONSE 200
[debug] [2019-10-21T19:49:56.608Z] <<< HTTP RESPONSE 200
[info] +  functions: all necessary APIs are enabled
[debug] [2019-10-21T19:49:56.610Z] >>> HTTP REQUEST GET https://firebase.googleapis.com/v1beta1/projects/cybervyatka/adminSdkConfig  
 
[debug] [2019-10-21T19:49:56.905Z] <<< HTTP RESPONSE 200
[debug] [2019-10-21T19:49:56.906Z] >>> HTTP REQUEST POST https://firebasehosting.googleapis.com/v1beta1/sites/cybervyatka/versions  

[debug] [2019-10-21T19:49:58.606Z] <<< HTTP RESPONSE 200
[info] i  firestore: uploading rules firestore.rules...
[debug] [2019-10-21T19:49:58.610Z] >>> HTTP REQUEST POST https://firebaserules.googleapis.com/v1/projects/cybervyatka/rulesets  

[debug] [2019-10-21T19:49:58.611Z] >>> HTTP REQUEST GET https://firestore.googleapis.com/v1beta2/projects/cybervyatka/databases/(default)/collectionGroups/-/indexes  
 
[debug] [2019-10-21T19:49:59.552Z] <<< HTTP RESPONSE 200
[debug] [2019-10-21T19:49:59.553Z] >>> HTTP REQUEST GET https://firestore.googleapis.com/v1beta2/projects/cybervyatka/databases/(default)/collectionGroups/-/fields?filter=indexConfig.usesAncestorConfig=false  
 
[debug] [2019-10-21T19:49:59.847Z] <<< HTTP RESPONSE 200
[debug] [2019-10-21T19:49:59.848Z] [rules] created ruleset projects/cybervyatka/rulesets/4e3d8860-8c58-4098-874a-9063c7b03d9d
[debug] [2019-10-21T19:50:00.437Z] <<< HTTP RESPONSE 200
[info] +  firestore: deployed indexes in firestore.indexes.json successfully
[info] i  functions: preparing functions directory for uploading...
[debug] [2019-10-21T19:50:00.442Z] >>> HTTP REQUEST GET https://runtimeconfig.googleapis.com/v1beta1/projects/cybervyatka/configs  
 
[debug] [2019-10-21T19:50:01.709Z] <<< HTTP RESPONSE 200
[info] i  functions: packaged functions (42.47 KB) for uploading
[debug] [2019-10-21T19:50:04.954Z] >>> HTTP REQUEST POST https://cloudfunctions.googleapis.com/v1/projects/cybervyatka/locations/us-central1/functions:generateUploadUrl  
 
[debug] [2019-10-21T19:50:06.089Z] <<< HTTP RESPONSE 200
[debug] [2019-10-21T19:50:06.090Z] >>> HTTP REQUEST PUT https://storage.googleapis.com/gcf-upload-us-central1-061fe28d-7eb0-45d5-ab97-11549a0539d1/f10ce341-a50f-400d-9ffc-a47a5c5cbe23.zip?GoogleAccessId=service-339048167856@gcf-admin-robot.iam.gserviceaccount.com&Expires=1571689206&Signature=ZeVrPD3sZhkU%2BksGrTQe8peV4L7f4PmuOgYCCCyjwXe8CnsfnqXAPGx9weoSGGfj97zg7DoXuHNVAf8DTtirUtgNIgtEY%2F9WQNAItsY%2FUzhGF%2FoPOMxRAmop7V1hjjvWjh%2FQ3ItxI%2FxBaWiJ4IWivI4w%2BXyPT2xcBx282VGxzdWFX6QZYS%2FXrE1iudq7QZIGDPkemtkLrHnV52gjaQhSkOMhZtt77yQL9J1Y%2FRf3pEeTFQ8mB%2Fql%2B9nQD%2BpoKtjuaEtWEKUa9IWWm%2BP9QrxWEg5OOswtQMokwk3OTpcaxo3j9Jy0NR%2BWg9AuJINwx%2FQ5IFpBg%2BV9kQPOswXEqC188w%3D%3D  
 <request body omitted>
[debug] [2019-10-21T19:50:06.640Z] <<< HTTP RESPONSE 200
[info] +  functions: functions folder uploaded successfully
[info] i  hosting[cybervyatka]: beginning deploy...
[info] i  hosting[cybervyatka]: found 45 files in dist
[debug] [2019-10-21T19:50:06.673Z] [hosting] hash cache [ZGlzdA] load error: lines is not defined
[debug] [2019-10-21T19:50:08.161Z] [hosting] hash cache [ZGlzdA] stored for 45 files
[debug] [2019-10-21T19:50:08.161Z] [hosting][hash queue][FINAL]
[debug] [2019-10-21T19:50:08.161Z] >>> HTTP REQUEST POST https://firebasehosting.googleapis.com/v1beta1/sites/cybervyatka/versions/6ee4a702d15b3d9e:populateFiles  
 <request body omitted>
[debug] [2019-10-21T19:50:10.105Z] <<< HTTP RESPONSE 200
[debug] [2019-10-21T19:50:10.107Z] [hosting][populate queue][FINAL]
[debug] [2019-10-21T19:50:10.107Z] [hosting] uploads queued: 0
[debug] [2019-10-21T19:50:10.107Z] [hosting][upload queue][FINAL]
[info] +  hosting[cybervyatka]: file upload complete
[debug] [2019-10-21T19:50:10.109Z] [hosting] deploy completed after 3462ms
[debug] [2019-10-21T19:50:10.303Z] [rules] releasing cloud.firestore with ruleset projects/cybervyatka/rulesets/4e3d8860-8c58-4098-874a-9063c7b03d9d
[debug] [2019-10-21T19:50:10.304Z] >>> HTTP REQUEST PATCH https://firebaserules.googleapis.com/v1/projects/cybervyatka/releases/cloud.firestore  

[debug] [2019-10-21T19:50:10.769Z] <<< HTTP RESPONSE 200
[debug] [2019-10-21T19:50:10.769Z] [rules] updated release projects/cybervyatka/releases/cloud.firestore
[info] +  firestore: released rules firestore.rules to cloud.firestore
[debug] [2019-10-21T19:50:10.772Z] >>> HTTP REQUEST GET https://cloudfunctions.googleapis.com/v1/projects/cybervyatka/locations/-/functions  
 
[debug] [2019-10-21T19:50:11.504Z] <<< HTTP RESPONSE 200
[info] i  functions: updating Node.js 8 function logTeamCreate(us-central1)...
[debug] [2019-10-21T19:50:11.509Z] Trigger is:  {"eventTrigger":{"resource":"projects/cybervyatka/databases/(default)/documents/teams/{teamUid}","eventType":"providers/cloud.firestore/eventTypes/document.create","service":"firestore.googleapis.com"}}
[info] i  functions: updating Node.js 8 function logTeamUpdate(us-central1)...
[debug] [2019-10-21T19:50:11.510Z] Trigger is:  {"eventTrigger":{"resource":"projects/cybervyatka/databases/(default)/documents/teams/{teamUid}","eventType":"providers/cloud.firestore/eventTypes/document.update","service":"firestore.googleapis.com"}}
[info] i  functions: updating Node.js 8 function logTeamDelete(us-central1)...
[debug] [2019-10-21T19:50:11.511Z] Trigger is:  {"eventTrigger":{"resource":"projects/cybervyatka/databases/(default)/documents/teams/{teamUid}","eventType":"providers/cloud.firestore/eventTypes/document.delete","service":"firestore.googleapis.com"}}
[info] i  functions: updating Node.js 8 function logGameCreate(us-central1)...
[debug] [2019-10-21T19:50:11.512Z] Trigger is:  {"eventTrigger":{"resource":"projects/cybervyatka/databases/(default)/documents/games/{gameUid}","eventType":"providers/cloud.firestore/eventTypes/document.create","service":"firestore.googleapis.com"}}
[info] i  functions: updating Node.js 8 function logGameUpdate(us-central1)...
[debug] [2019-10-21T19:50:11.513Z] Trigger is:  {"eventTrigger":{"resource":"projects/cybervyatka/databases/(default)/documents/games/{gameUid}","eventType":"providers/cloud.firestore/eventTypes/document.update","service":"firestore.googleapis.com"}}
[info] i  functions: updating Node.js 8 function logGameDelete(us-central1)...
[debug] [2019-10-21T19:50:11.514Z] Trigger is:  {"eventTrigger":{"resource":"projects/cybervyatka/databases/(default)/documents/games/{gameUid}","eventType":"providers/cloud.firestore/eventTypes/document.delete","service":"firestore.googleapis.com"}}
[info] i  functions: updating Node.js 8 function scheduledFirestoreExport(us-central1)...
[debug] [2019-10-21T19:50:11.516Z] Trigger is:  {"eventTrigger":{"resource":"projects/cybervyatka/topics/firebase-schedule-scheduledFirestoreExport-us-central1","eventType":"google.pubsub.topic.publish","service":"pubsub.googleapis.com"}}
[info] i  functions: updating Node.js 8 function sendQrCodeEmail(us-central1)...
[debug] [2019-10-21T19:50:11.517Z] Trigger is:  {"eventTrigger":{"resource":"projects/cybervyatka/databases/(default)/documents/viewers/{viewerId}","eventType":"providers/cloud.firestore/eventTypes/document.create","service":"firestore.googleapis.com"}}
[info] i  scheduler: ensuring necessary APIs are enabled...
[info] i  pubsub: ensuring necessary APIs are enabled...
[debug] [2019-10-21T19:50:11.520Z] >>> HTTP REQUEST GET https://serviceusage.googleapis.com/v1/projects/cybervyatka/services/cloudscheduler.googleapis.com  
 
[debug] [2019-10-21T19:50:11.521Z] >>> HTTP REQUEST GET https://serviceusage.googleapis.com/v1/projects/cybervyatka/services/pubsub.googleapis.com  
 
[debug] [2019-10-21T19:50:12.629Z] <<< HTTP RESPONSE 200
[info] +  scheduler: all necessary APIs are enabled
[debug] [2019-10-21T19:50:12.686Z] <<< HTTP RESPONSE 200
[info] +  pubsub: all necessary APIs are enabled
[debug] [2019-10-21T19:50:12.689Z] >>> HTTP REQUEST GET https://cloudscheduler.googleapis.com/v1beta1/projects/cybervyatka/locations/us-central1/jobs/firebase-schedule-scheduledFirestoreExport-us-central1  
 
[debug] [2019-10-21T19:50:13.715Z] <<< HTTP RESPONSE 200
[info] i  functions: scheduler job firebase-schedule-scheduledFirestoreExport-us-central1 is up to date, no changes required
[debug] [2019-10-21T19:50:13.719Z] >>> HTTP REQUEST PATCH https://cloudfunctions.googleapis.com/v1/projects/cybervyatka/locations/us-central1/functions/logTeamCreate {"updateMask":"sourceUploadUrl,name,labels,runtime,eventTrigger.resource,eventTrigger.eventType,eventTrigger.service"} 

[debug] [2019-10-21T19:50:13.721Z] >>> HTTP REQUEST PATCH https://cloudfunctions.googleapis.com/v1/projects/cybervyatka/locations/us-central1/functions/logTeamUpdate {"updateMask":"sourceUploadUrl,name,labels,runtime,eventTrigger.resource,eventTrigger.eventType,eventTrigger.service"} 

[debug] [2019-10-21T19:50:13.721Z] >>> HTTP REQUEST PATCH https://cloudfunctions.googleapis.com/v1/projects/cybervyatka/locations/us-central1/functions/logTeamDelete {"updateMask":"sourceUploadUrl,name,labels,runtime,eventTrigger.resource,eventTrigger.eventType,eventTrigger.service"} 

[debug] [2019-10-21T19:50:13.722Z] >>> HTTP REQUEST PATCH https://cloudfunctions.googleapis.com/v1/projects/cybervyatka/locations/us-central1/functions/logGameCreate {"updateMask":"sourceUploadUrl,name,labels,runtime,eventTrigger.resource,eventTrigger.eventType,eventTrigger.service"} 

[debug] [2019-10-21T19:50:13.722Z] >>> HTTP REQUEST PATCH https://cloudfunctions.googleapis.com/v1/projects/cybervyatka/locations/us-central1/functions/logGameUpdate {"updateMask":"sourceUploadUrl,name,labels,runtime,eventTrigger.resource,eventTrigger.eventType,eventTrigger.service"} 

[debug] [2019-10-21T19:50:13.724Z] >>> HTTP REQUEST PATCH https://cloudfunctions.googleapis.com/v1/projects/cybervyatka/locations/us-central1/functions/logGameDelete {"updateMask":"sourceUploadUrl,name,labels,runtime,eventTrigger.resource,eventTrigger.eventType,eventTrigger.service"} 

[debug] [2019-10-21T19:50:13.725Z] >>> HTTP REQUEST PATCH https://cloudfunctions.googleapis.com/v1/projects/cybervyatka/locations/us-central1/functions/scheduledFirestoreExport {"updateMask":"sourceUploadUrl,name,labels,runtime,eventTrigger.resource,eventTrigger.eventType,eventTrigger.service"} 

[debug] [2019-10-21T19:50:13.725Z] >>> HTTP REQUEST PATCH https://cloudfunctions.googleapis.com/v1/projects/cybervyatka/locations/us-central1/functions/sendQrCodeEmail {"updateMask":"sourceUploadUrl,name,labels,runtime,eventTrigger.resource,eventTrigger.eventType,eventTrigger.service"} 

[debug] [2019-10-21T19:50:14.466Z] <<< HTTP RESPONSE 200
[debug] [2019-10-21T19:50:14.468Z] <<< HTTP RESPONSE 200
[debug] [2019-10-21T19:50:14.471Z] <<< HTTP RESPONSE 200
[debug] [2019-10-21T19:50:14.472Z] <<< HTTP RESPONSE 200
[debug] [2019-10-21T19:50:14.473Z] <<< HTTP RESPONSE 200
[debug] [2019-10-21T19:50:14.475Z] <<< HTTP RESPONSE 200
[debug] [2019-10-21T19:50:14.476Z] <<< HTTP RESPONSE 200
[debug] [2019-10-21T19:50:14.486Z] <<< HTTP RESPONSE 200
[debug] [2019-10-21T19:50:14.488Z] >>> HTTP REQUEST GET https://cloudfunctions.googleapis.com/v1/operations/Y3liZXJ2eWF0a2EvdXMtY2VudHJhbDEvbG9nVGVhbUNyZWF0ZS9jUkJQOFFHNldydw  
 
[debug] [2019-10-21T19:50:14.488Z] >>> HTTP REQUEST GET https://cloudfunctions.googleapis.com/v1/operations/Y3liZXJ2eWF0a2EvdXMtY2VudHJhbDEvbG9nVGVhbVVwZGF0ZS9NeXBoRWpRekRZVQ  
 
[debug] [2019-10-21T19:50:14.488Z] >>> HTTP REQUEST GET https://cloudfunctions.googleapis.com/v1/operations/Y3liZXJ2eWF0a2EvdXMtY2VudHJhbDEvbG9nVGVhbURlbGV0ZS9oQk5jSk1nYkxUOA  
 
[debug] [2019-10-21T19:50:14.489Z] >>> HTTP REQUEST GET https://cloudfunctions.googleapis.com/v1/operations/Y3liZXJ2eWF0a2EvdXMtY2VudHJhbDEvbG9nR2FtZUNyZWF0ZS9HWHR6NHk4SG1NUQ  
 
[debug] [2019-10-21T19:50:14.489Z] >>> HTTP REQUEST GET https://cloudfunctions.googleapis.com/v1/operations/Y3liZXJ2eWF0a2EvdXMtY2VudHJhbDEvbG9nR2FtZVVwZGF0ZS9mRzhBZ3cwOXM2aw  
 
[debug] [2019-10-21T19:50:14.489Z] >>> HTTP REQUEST GET https://cloudfunctions.googleapis.com/v1/operations/Y3liZXJ2eWF0a2EvdXMtY2VudHJhbDEvbG9nR2FtZURlbGV0ZS9VaFhIdWx3VFhBOA  
 
[debug] [2019-10-21T19:50:14.489Z] >>> HTTP REQUEST GET https://cloudfunctions.googleapis.com/v1/operations/Y3liZXJ2eWF0a2EvdXMtY2VudHJhbDEvc2NoZWR1bGVkRmlyZXN0b3JlRXhwb3J0L2kwcUprZGVDVGxn  
 
[debug] [2019-10-21T19:50:14.489Z] >>> HTTP REQUEST GET https://cloudfunctions.googleapis.com/v1/operations/Y3liZXJ2eWF0a2EvdXMtY2VudHJhbDEvc2VuZFFyQ29kZUVtYWlsL0dZS3FBelpxYUVJ  
 
[debug] [2019-10-21T19:50:15.026Z] <<< HTTP RESPONSE 200
[debug] [2019-10-21T19:50:15.028Z] <<< HTTP RESPONSE 200
[debug] [2019-10-21T19:50:15.034Z] <<< HTTP RESPONSE 200
[debug] [2019-10-21T19:50:15.035Z] <<< HTTP RESPONSE 200
[debug] [2019-10-21T19:50:15.036Z] <<< HTTP RESPONSE 200
[debug] [2019-10-21T19:50:15.045Z] <<< HTTP RESPONSE 200
[debug] [2019-10-21T19:50:15.045Z] <<< HTTP RESPONSE 200
[debug] [2019-10-21T19:50:15.066Z] <<< HTTP RESPONSE 200
[debug] [2019-10-21T19:50:17.027Z] >>> HTTP REQUEST GET https://cloudfunctions.googleapis.com/v1/operations/Y3liZXJ2eWF0a2EvdXMtY2VudHJhbDEvbG9nVGVhbUNyZWF0ZS9jUkJQOFFHNldydw  
 
[debug] [2019-10-21T19:50:17.028Z] >>> HTTP REQUEST GET https://cloudfunctions.googleapis.com/v1/operations/Y3liZXJ2eWF0a2EvdXMtY2VudHJhbDEvbG9nR2FtZVVwZGF0ZS9mRzhBZ3cwOXM2aw  
 
[debug] [2019-10-21T19:50:17.036Z] >>> HTTP REQUEST GET https://cloudfunctions.googleapis.com/v1/operations/Y3liZXJ2eWF0a2EvdXMtY2VudHJhbDEvc2VuZFFyQ29kZUVtYWlsL0dZS3FBelpxYUVJ  
 
[debug] [2019-10-21T19:50:17.036Z] >>> HTTP REQUEST GET https://cloudfunctions.googleapis.com/v1/operations/Y3liZXJ2eWF0a2EvdXMtY2VudHJhbDEvbG9nR2FtZURlbGV0ZS9VaFhIdWx3VFhBOA  
 
[debug] [2019-10-21T19:50:17.038Z] >>> HTTP REQUEST GET https://cloudfunctions.googleapis.com/v1/operations/Y3liZXJ2eWF0a2EvdXMtY2VudHJhbDEvc2NoZWR1bGVkRmlyZXN0b3JlRXhwb3J0L2kwcUprZGVDVGxn  
 
[debug] [2019-10-21T19:50:17.046Z] >>> HTTP REQUEST GET https://cloudfunctions.googleapis.com/v1/operations/Y3liZXJ2eWF0a2EvdXMtY2VudHJhbDEvbG9nVGVhbVVwZGF0ZS9NeXBoRWpRekRZVQ  
 
[debug] [2019-10-21T19:50:17.046Z] >>> HTTP REQUEST GET https://cloudfunctions.googleapis.com/v1/operations/Y3liZXJ2eWF0a2EvdXMtY2VudHJhbDEvbG9nR2FtZUNyZWF0ZS9HWHR6NHk4SG1NUQ  
 
[debug] [2019-10-21T19:50:17.067Z] >>> HTTP REQUEST GET https://cloudfunctions.googleapis.com/v1/operations/Y3liZXJ2eWF0a2EvdXMtY2VudHJhbDEvbG9nVGVhbURlbGV0ZS9oQk5jSk1nYkxUOA  
 
[debug] [2019-10-21T19:50:17.545Z] <<< HTTP RESPONSE 200
[debug] [2019-10-21T19:50:17.563Z] <<< HTTP RESPONSE 200
[debug] [2019-10-21T19:50:17.564Z] <<< HTTP RESPONSE 200
[debug] [2019-10-21T19:50:17.569Z] <<< HTTP RESPONSE 200
[debug] [2019-10-21T19:50:17.573Z] <<< HTTP RESPONSE 200
[debug] [2019-10-21T19:50:17.575Z] <<< HTTP RESPONSE 200
[debug] [2019-10-21T19:50:17.579Z] <<< HTTP RESPONSE 200
[debug] [2019-10-21T19:50:17.612Z] <<< HTTP RESPONSE 200
[debug] [2019-10-21T19:50:19.547Z] >>> HTTP REQUEST GET https://cloudfunctions.googleapis.com/v1/operations/Y3liZXJ2eWF0a2EvdXMtY2VudHJhbDEvbG9nVGVhbUNyZWF0ZS9jUkJQOFFHNldydw  
 
[debug] [2019-10-21T19:50:19.565Z] >>> HTTP REQUEST GET https://cloudfunctions.googleapis.com/v1/operations/Y3liZXJ2eWF0a2EvdXMtY2VudHJhbDEvbG9nR2FtZVVwZGF0ZS9mRzhBZ3cwOXM2aw  
 
[debug] [2019-10-21T19:50:19.565Z] >>> HTTP REQUEST GET https://cloudfunctions.googleapis.com/v1/operations/Y3liZXJ2eWF0a2EvdXMtY2VudHJhbDEvc2VuZFFyQ29kZUVtYWlsL0dZS3FBelpxYUVJ  
 
[debug] [2019-10-21T19:50:19.571Z] >>> HTTP REQUEST GET https://cloudfunctions.googleapis.com/v1/operations/Y3liZXJ2eWF0a2EvdXMtY2VudHJhbDEvc2NoZWR1bGVkRmlyZXN0b3JlRXhwb3J0L2kwcUprZGVDVGxn  
 
[debug] [2019-10-21T19:50:19.574Z] >>> HTTP REQUEST GET https://cloudfunctions.googleapis.com/v1/operations/Y3liZXJ2eWF0a2EvdXMtY2VudHJhbDEvbG9nR2FtZURlbGV0ZS9VaFhIdWx3VFhBOA  
 
[debug] [2019-10-21T19:50:19.575Z] >>> HTTP REQUEST GET https://cloudfunctions.googleapis.com/v1/operations/Y3liZXJ2eWF0a2EvdXMtY2VudHJhbDEvbG9nR2FtZUNyZWF0ZS9HWHR6NHk4SG1NUQ  
 
[debug] [2019-10-21T19:50:19.580Z] >>> HTTP REQUEST GET https://cloudfunctions.googleapis.com/v1/operations/Y3liZXJ2eWF0a2EvdXMtY2VudHJhbDEvbG9nVGVhbVVwZGF0ZS9NeXBoRWpRekRZVQ  
 
[debug] [2019-10-21T19:50:19.613Z] >>> HTTP REQUEST GET https://cloudfunctions.googleapis.com/v1/operations/Y3liZXJ2eWF0a2EvdXMtY2VudHJhbDEvbG9nVGVhbURlbGV0ZS9oQk5jSk1nYkxUOA  
 
[debug] [2019-10-21T19:50:19.908Z] <<< HTTP RESPONSE 200
[debug] [2019-10-21T19:50:20.083Z] <<< HTTP RESPONSE 200
[debug] [2019-10-21T19:50:20.090Z] <<< HTTP RESPONSE 200
[debug] [2019-10-21T19:50:20.096Z] <<< HTTP RESPONSE 200
[debug] [2019-10-21T19:50:20.105Z] <<< HTTP RESPONSE 200
[debug] [2019-10-21T19:50:20.106Z] <<< HTTP RESPONSE 200
[debug] [2019-10-21T19:50:20.117Z] <<< HTTP RESPONSE 200
[debug] [2019-10-21T19:50:20.130Z] <<< HTTP RESPONSE 200
[debug] [2019-10-21T19:50:21.909Z] >>> HTTP REQUEST GET https://cloudfunctions.googleapis.com/v1/operations/Y3liZXJ2eWF0a2EvdXMtY2VudHJhbDEvbG9nR2FtZUNyZWF0ZS9HWHR6NHk4SG1NUQ  
 
[debug] [2019-10-21T19:50:22.083Z] >>> HTTP REQUEST GET https://cloudfunctions.googleapis.com/v1/operations/Y3liZXJ2eWF0a2EvdXMtY2VudHJhbDEvbG9nVGVhbUNyZWF0ZS9jUkJQOFFHNldydw  
 
[debug] [2019-10-21T19:50:22.091Z] >>> HTTP REQUEST GET https://cloudfunctions.googleapis.com/v1/operations/Y3liZXJ2eWF0a2EvdXMtY2VudHJhbDEvc2NoZWR1bGVkRmlyZXN0b3JlRXhwb3J0L2kwcUprZGVDVGxn  
 
[debug] [2019-10-21T19:50:22.098Z] >>> HTTP REQUEST GET https://cloudfunctions.googleapis.com/v1/operations/Y3liZXJ2eWF0a2EvdXMtY2VudHJhbDEvc2VuZFFyQ29kZUVtYWlsL0dZS3FBelpxYUVJ  
 
[debug] [2019-10-21T19:50:22.107Z] >>> HTTP REQUEST GET https://cloudfunctions.googleapis.com/v1/operations/Y3liZXJ2eWF0a2EvdXMtY2VudHJhbDEvbG9nVGVhbVVwZGF0ZS9NeXBoRWpRekRZVQ  
 
[debug] [2019-10-21T19:50:22.107Z] >>> HTTP REQUEST GET https://cloudfunctions.googleapis.com/v1/operations/Y3liZXJ2eWF0a2EvdXMtY2VudHJhbDEvbG9nR2FtZVVwZGF0ZS9mRzhBZ3cwOXM2aw  
 
[debug] [2019-10-21T19:50:22.117Z] >>> HTTP REQUEST GET https://cloudfunctions.googleapis.com/v1/operations/Y3liZXJ2eWF0a2EvdXMtY2VudHJhbDEvbG9nR2FtZURlbGV0ZS9VaFhIdWx3VFhBOA  
 
[debug] [2019-10-21T19:50:22.131Z] >>> HTTP REQUEST GET https://cloudfunctions.googleapis.com/v1/operations/Y3liZXJ2eWF0a2EvdXMtY2VudHJhbDEvbG9nVGVhbURlbGV0ZS9oQk5jSk1nYkxUOA  
 
[debug] [2019-10-21T19:50:22.432Z] <<< HTTP RESPONSE 200
[debug] [2019-10-21T19:50:22.606Z] <<< HTTP RESPONSE 200
[debug] [2019-10-21T19:50:22.619Z] <<< HTTP RESPONSE 200
[debug] [2019-10-21T19:50:22.620Z] <<< HTTP RESPONSE 200
[debug] [2019-10-21T19:50:22.622Z] <<< HTTP RESPONSE 200
[debug] [2019-10-21T19:50:22.630Z] <<< HTTP RESPONSE 200
[debug] [2019-10-21T19:50:22.643Z] <<< HTTP RESPONSE 200
[debug] [2019-10-21T19:50:22.645Z] <<< HTTP RESPONSE 200
[debug] [2019-10-21T19:50:24.434Z] >>> HTTP REQUEST GET https://cloudfunctions.googleapis.com/v1/operations/Y3liZXJ2eWF0a2EvdXMtY2VudHJhbDEvbG9nR2FtZUNyZWF0ZS9HWHR6NHk4SG1NUQ  
 
[debug] [2019-10-21T19:50:24.606Z] >>> HTTP REQUEST GET https://cloudfunctions.googleapis.com/v1/operations/Y3liZXJ2eWF0a2EvdXMtY2VudHJhbDEvc2NoZWR1bGVkRmlyZXN0b3JlRXhwb3J0L2kwcUprZGVDVGxn  
 
[debug] [2019-10-21T19:50:24.620Z] >>> HTTP REQUEST GET https://cloudfunctions.googleapis.com/v1/operations/Y3liZXJ2eWF0a2EvdXMtY2VudHJhbDEvbG9nVGVhbVVwZGF0ZS9NeXBoRWpRekRZVQ  
 
[debug] [2019-10-21T19:50:24.620Z] >>> HTTP REQUEST GET https://cloudfunctions.googleapis.com/v1/operations/Y3liZXJ2eWF0a2EvdXMtY2VudHJhbDEvc2VuZFFyQ29kZUVtYWlsL0dZS3FBelpxYUVJ  
 
[debug] [2019-10-21T19:50:24.622Z] >>> HTTP REQUEST GET https://cloudfunctions.googleapis.com/v1/operations/Y3liZXJ2eWF0a2EvdXMtY2VudHJhbDEvbG9nVGVhbUNyZWF0ZS9jUkJQOFFHNldydw  
 
[debug] [2019-10-21T19:50:24.631Z] >>> HTTP REQUEST GET https://cloudfunctions.googleapis.com/v1/operations/Y3liZXJ2eWF0a2EvdXMtY2VudHJhbDEvbG9nR2FtZVVwZGF0ZS9mRzhBZ3cwOXM2aw  
 
[debug] [2019-10-21T19:50:24.644Z] >>> HTTP REQUEST GET https://cloudfunctions.googleapis.com/v1/operations/Y3liZXJ2eWF0a2EvdXMtY2VudHJhbDEvbG9nVGVhbURlbGV0ZS9oQk5jSk1nYkxUOA  
 
[debug] [2019-10-21T19:50:24.646Z] >>> HTTP REQUEST GET https://cloudfunctions.googleapis.com/v1/operations/Y3liZXJ2eWF0a2EvdXMtY2VudHJhbDEvbG9nR2FtZURlbGV0ZS9VaFhIdWx3VFhBOA  
 
[debug] [2019-10-21T19:50:24.932Z] <<< HTTP RESPONSE 200
[debug] [2019-10-21T19:50:24.954Z] <<< HTTP RESPONSE 200
[debug] [2019-10-21T19:50:25.140Z] <<< HTTP RESPONSE 200
[debug] [2019-10-21T19:50:25.151Z] <<< HTTP RESPONSE 200
[debug] [2019-10-21T19:50:25.153Z] <<< HTTP RESPONSE 200
[debug] [2019-10-21T19:50:25.160Z] <<< HTTP RESPONSE 200
[debug] [2019-10-21T19:50:25.178Z] <<< HTTP RESPONSE 200
[debug] [2019-10-21T19:50:26.934Z] >>> HTTP REQUEST GET https://cloudfunctions.googleapis.com/v1/operations/Y3liZXJ2eWF0a2EvdXMtY2VudHJhbDEvbG9nVGVhbUNyZWF0ZS9jUkJQOFFHNldydw  
 
[debug] [2019-10-21T19:50:26.955Z] >>> HTTP REQUEST GET https://cloudfunctions.googleapis.com/v1/operations/Y3liZXJ2eWF0a2EvdXMtY2VudHJhbDEvbG9nR2FtZUNyZWF0ZS9HWHR6NHk4SG1NUQ  
 
[debug] [2019-10-21T19:50:27.141Z] >>> HTTP REQUEST GET https://cloudfunctions.googleapis.com/v1/operations/Y3liZXJ2eWF0a2EvdXMtY2VudHJhbDEvc2VuZFFyQ29kZUVtYWlsL0dZS3FBelpxYUVJ  
 
[debug] [2019-10-21T19:50:27.153Z] >>> HTTP REQUEST GET https://cloudfunctions.googleapis.com/v1/operations/Y3liZXJ2eWF0a2EvdXMtY2VudHJhbDEvbG9nVGVhbVVwZGF0ZS9NeXBoRWpRekRZVQ  
 
[debug] [2019-10-21T19:50:27.153Z] >>> HTTP REQUEST GET https://cloudfunctions.googleapis.com/v1/operations/Y3liZXJ2eWF0a2EvdXMtY2VudHJhbDEvbG9nR2FtZVVwZGF0ZS9mRzhBZ3cwOXM2aw  
 
[debug] [2019-10-21T19:50:27.161Z] >>> HTTP REQUEST GET https://cloudfunctions.googleapis.com/v1/operations/Y3liZXJ2eWF0a2EvdXMtY2VudHJhbDEvbG9nR2FtZURlbGV0ZS9VaFhIdWx3VFhBOA  
 
[debug] [2019-10-21T19:50:27.179Z] >>> HTTP REQUEST GET https://cloudfunctions.googleapis.com/v1/operations/Y3liZXJ2eWF0a2EvdXMtY2VudHJhbDEvbG9nVGVhbURlbGV0ZS9oQk5jSk1nYkxUOA  
 
[debug] [2019-10-21T19:50:27.462Z] <<< HTTP RESPONSE 200
[debug] [2019-10-21T19:50:27.480Z] <<< HTTP RESPONSE 200
[debug] [2019-10-21T19:50:27.656Z] <<< HTTP RESPONSE 200
[debug] [2019-10-21T19:50:27.668Z] <<< HTTP RESPONSE 200
[debug] [2019-10-21T19:50:27.675Z] <<< HTTP RESPONSE 200
[debug] [2019-10-21T19:50:27.683Z] <<< HTTP RESPONSE 200
[debug] [2019-10-21T19:50:27.690Z] <<< HTTP RESPONSE 200
